[debug] [2021-10-23T04:27:12.445Z] ----------------------------------------------------------------------
[debug] [2021-10-23T04:27:12.451Z] Command:       C:\Program Files\nodejs\node.exe C:\Users\Hewlett Packard\AppData\Roaming\npm\node_modules\firebase-tools\lib\bin\firebase.js init
[debug] [2021-10-23T04:27:12.452Z] CLI Version:   9.21.0
[debug] [2021-10-23T04:27:12.453Z] Platform:      win32
[debug] [2021-10-23T04:27:12.453Z] Node Version:  v14.16.0
[debug] [2021-10-23T04:27:12.455Z] Time:          Fri Oct 22 2021 23:27:12 GMT-0500 (hora estándar de Colombia)
[debug] [2021-10-23T04:27:12.456Z] ----------------------------------------------------------------------
[debug] 
[debug] [2021-10-23T04:27:12.480Z] > command requires scopes: ["email","openid","https://www.googleapis.com/auth/cloudplatformprojects.readonly","https://www.googleapis.com/auth/firebase","https://www.googleapis.com/auth/cloud-platform"]
[debug] [2021-10-23T04:27:12.480Z] > authorizing via signed-in user (jesusdavidpv12@gmail.com)
[info] 
     ######## #### ########  ######## ########     ###     ######  ########
     ##        ##  ##     ## ##       ##     ##  ##   ##  ##       ##
     ######    ##  ########  ######   ########  #########  ######  ######
     ##        ##  ##    ##  ##       ##     ## ##     ##       ## ##
     ##       #### ##     ## ######## ########  ##     ##  ######  ########

You're about to initialize a Firebase project in this directory:

  C:\Users\Hewlett Packard\Documents\SofkaU\Server side react\chat\chat

[info] 
=== Project Setup
[info] 
[info] First, let's associate this project directory with a Firebase project.
[info] You can create multiple project aliases by running firebase use --add, 
[info] but for now we'll just set up a default project.
[info] 
